[16:26:48] [main/INFO]: Setting user: Player995
[16:26:49] [Client thread/INFO]: LWJGL Version: 2.9.1
[16:26:57] [Client thread/INFO]: Reloading ResourceManager: Default, FMLFileResourcePack:Forge Mod Loader, FMLFileResourcePack:Minecraft Forge, FMLFileResourcePack:LandOfRails
[16:26:58] [Sound Library Loader/INFO]: Sound engine started
[16:26:59] [Client thread/INFO]: Created: 16x16 textures/blocks-atlas
[16:26:59] [Client thread/INFO]: Created: 16x16 textures/items-atlas
[16:26:59] [Client thread/INFO]: Reloading ResourceManager: Default, FMLFileResourcePack:Forge Mod Loader, FMLFileResourcePack:Minecraft Forge, FMLFileResourcePack:LandOfRails
[16:26:59] [Client thread/INFO]: Created: 512x512 textures/blocks-atlas
[16:26:59] [Client thread/INFO]: Created: 512x256 textures/items-atlas
[16:27:00] [Sound Library Loader/INFO]: Sound engine started
[16:27:11] [Server thread/INFO]: Starting integrated minecraft server version 1.7.10
[16:27:11] [Server thread/INFO]: Generating keypair
[16:27:11] [Server thread/INFO]: Preparing start region for level 0
[16:27:12] [Server thread/INFO]: Changing view distance to 12, from 10
[16:27:14] [Server thread/INFO]: Stopping server
[16:27:14] [Server thread/INFO]: Saving players
[16:27:14] [Server thread/INFO]: Saving worlds
[16:27:14] [Server thread/INFO]: Saving chunks for level 'New World'/Overworld
[16:27:14] [Server thread/INFO]: Saving chunks for level 'New World'/Nether
[16:27:14] [Server thread/INFO]: Saving chunks for level 'New World'/The End
[16:27:14] [Server thread/INFO]: Starting integrated minecraft server version 1.7.10
[16:27:14] [Server thread/INFO]: Generating keypair
[16:27:14] [Server thread/INFO]: Preparing start region for level 0
[16:27:15] [Server thread/INFO]: Changing view distance to 12, from 10
[16:27:15] [Server thread/INFO]: Player995[local:E:9b608cf8] logged in with entity id 552 at (-188.5, 4.0, 742.5)
[16:27:15] [Server thread/INFO]: Player995 joined the game
[16:27:15] [Server thread/INFO]: Saving and pausing game...
[16:27:15] [Server thread/INFO]: Saving chunks for level 'New World'/Overworld
[16:27:15] [Server thread/INFO]: Saving chunks for level 'New World'/Nether
[16:27:15] [Server thread/INFO]: Saving chunks for level 'New World'/The End
[16:30:19] [Server thread/INFO]: [Player995: Set game difficulty to Peaceful]
[16:30:19] [Client thread/INFO]: [CHAT] Set game difficulty to Peaceful
[16:33:35] [Server thread/INFO]: Player995 has just earned the achievement [Taking Inventory]
[16:33:35] [Client thread/INFO]: [CHAT] Player995 has just earned the achievement [Taking Inventory]
[16:37:19] [Client thread/INFO]: [CHAT] /difficulty <new difficulty>
[16:37:20] [Server thread/INFO]: [Player995: Set game difficulty to Peaceful]
[16:37:20] [Client thread/INFO]: [CHAT] Set game difficulty to Peaceful
[16:40:28] [Server thread/INFO]: Saving and pausing game...
[16:40:28] [Server thread/INFO]: Saving chunks for level 'New World'/Overworld
[16:40:28] [Server thread/INFO]: Saving chunks for level 'New World'/Nether
[16:40:28] [Server thread/INFO]: Saving chunks for level 'New World'/The End
[18:37:56] [Server thread/INFO]: Stopping server
[18:37:56] [Server thread/INFO]: Saving players
[18:37:56] [Server thread/INFO]: Saving worlds
[18:37:56] [Server thread/INFO]: Saving chunks for level 'New World'/Overworld
[18:37:56] [Server thread/INFO]: Saving chunks for level 'New World'/Nether
[18:37:56] [Server thread/INFO]: Saving chunks for level 'New World'/The End
[18:37:57] [Client thread/INFO]: Stopping!
